[debug] [2026-02-27T07:48:48.308Z] ----------------------------------------------------------------------
[debug] [2026-02-27T07:48:48.309Z] Command:       C:\Program Files\nodejs\node.exe C:\Users\SAMY-LAP\AppData\Roaming\npm\node_modules\firebase-tools\lib\bin\firebase.js deploy --only firestore:indexes
[debug] [2026-02-27T07:48:48.310Z] CLI Version:   15.3.1
[debug] [2026-02-27T07:48:48.310Z] Platform:      win32
[debug] [2026-02-27T07:48:48.310Z] Node Version:  v25.6.1
[debug] [2026-02-27T07:48:48.310Z] Time:          Fri Feb 27 2026 11:48:48 GMT+0400 (Gulf Standard Time)
[debug] [2026-02-27T07:48:48.310Z] ----------------------------------------------------------------------
[debug] 
[debug] [2026-02-27T07:48:48.312Z] >>> [apiv2][query] GET https://firebase-public.firebaseio.com/cli.json [none]
[error] 
[error] Error: No currently active project.
To run this command, you need to specify a project. You have two options:
- Run this command with --project <alias_or_project_id>.
- Set an active project by running firebase use --add, then rerun this command.
To list all the Firebase projects to which you have access, run firebase projects:list.
To learn about active projects for the CLI, visit https://firebase.google.com/docs/cli#project_aliases


[debug] [2026-02-27T07:48:53.172Z] <<< [apiv2][status] GET https://firebase-public.firebaseio.com/cli.json 200
[debug] [2026-02-27T07:48:53.172Z] <<< [apiv2][body] GET https://firebase-public.firebaseio.com/cli.json {"cloudBuildErrorAfter":1594252800000,"cloudBuildWarnAfter":1590019200000,"defaultNode10After":1594252800000,"minVersion":"3.0.5","node8DeploysDisabledAfter":1613390400000,"node8RuntimeDisabledAfter":1615809600000,"node8WarnAfter":1600128000000}
[debug] [2026-02-27T07:49:07.088Z] ----------------------------------------------------------------------
[debug] [2026-02-27T07:49:07.090Z] Command:       C:\Program Files\nodejs\node.exe C:\Users\SAMY-LAP\AppData\Roaming\npm\node_modules\firebase-tools\lib\bin\firebase.js deploy --project acis-ajman --only firestore:indexes
[debug] [2026-02-27T07:49:07.090Z] CLI Version:   15.3.1
[debug] [2026-02-27T07:49:07.090Z] Platform:      win32
[debug] [2026-02-27T07:49:07.090Z] Node Version:  v25.6.1
[debug] [2026-02-27T07:49:07.090Z] Time:          Fri Feb 27 2026 11:49:07 GMT+0400 (Gulf Standard Time)
[debug] [2026-02-27T07:49:07.090Z] ----------------------------------------------------------------------
[debug] 
[debug] [2026-02-27T07:49:07.924Z] > command requires scopes: ["email","openid","https://www.googleapis.com/auth/cloudplatformprojects.readonly","https://www.googleapis.com/auth/firebase","https://www.googleapis.com/auth/cloud-platform"]
[debug] [2026-02-27T07:49:07.925Z] > authorizing via signed-in user (abadtyping@gmail.com)
[debug] [2026-02-27T07:49:07.925Z] [iam] checking project acis-ajman for permissions ["datastore.indexes.create","datastore.indexes.delete","datastore.indexes.list","datastore.indexes.update","firebase.projects.get"]
[debug] [2026-02-27T07:49:07.926Z] Checked if tokens are valid: false, expires at: 1771865333808
[debug] [2026-02-27T07:49:07.926Z] Checked if tokens are valid: false, expires at: 1771865333808
[debug] [2026-02-27T07:49:07.926Z] > refreshing access token with scopes: []
[debug] [2026-02-27T07:49:07.929Z] >>> [apiv2][query] POST https://www.googleapis.com/oauth2/v3/token [none]
[debug] [2026-02-27T07:49:07.929Z] >>> [apiv2][body] POST https://www.googleapis.com/oauth2/v3/token [omitted]
[debug] [2026-02-27T07:49:08.402Z] <<< [apiv2][status] POST https://www.googleapis.com/oauth2/v3/token 200
[debug] [2026-02-27T07:49:08.402Z] <<< [apiv2][body] POST https://www.googleapis.com/oauth2/v3/token [omitted]
[debug] [2026-02-27T07:49:08.407Z] >>> [apiv2][query] POST https://cloudresourcemanager.googleapis.com/v1/projects/acis-ajman:testIamPermissions [none]
[debug] [2026-02-27T07:49:08.407Z] >>> [apiv2][(partial)header] POST https://cloudresourcemanager.googleapis.com/v1/projects/acis-ajman:testIamPermissions x-goog-quota-user=projects/acis-ajman
[debug] [2026-02-27T07:49:08.407Z] >>> [apiv2][body] POST https://cloudresourcemanager.googleapis.com/v1/projects/acis-ajman:testIamPermissions {"permissions":["datastore.indexes.create","datastore.indexes.delete","datastore.indexes.list","datastore.indexes.update","firebase.projects.get"]}
[debug] [2026-02-27T07:49:10.152Z] <<< [apiv2][status] POST https://cloudresourcemanager.googleapis.com/v1/projects/acis-ajman:testIamPermissions 200
[debug] [2026-02-27T07:49:10.152Z] <<< [apiv2][body] POST https://cloudresourcemanager.googleapis.com/v1/projects/acis-ajman:testIamPermissions {"permissions":["datastore.indexes.create","datastore.indexes.delete","datastore.indexes.list","datastore.indexes.update","firebase.projects.get"]}
[info] 
[info] === Deploying to 'acis-ajman'...
[info] 
[info] i  deploying firestore 
[info] i  firestore: ensuring required API firestore.googleapis.com is enabled... 
[debug] [2026-02-27T07:49:10.159Z] Checked if tokens are valid: true, expires at: 1772182147403
[debug] [2026-02-27T07:49:10.159Z] Checked if tokens are valid: true, expires at: 1772182147403
[debug] [2026-02-27T07:49:10.159Z] >>> [apiv2][query] GET https://serviceusage.googleapis.com/v1/projects/acis-ajman/services/firestore.googleapis.com [none]
[debug] [2026-02-27T07:49:10.159Z] >>> [apiv2][(partial)header] GET https://serviceusage.googleapis.com/v1/projects/acis-ajman/services/firestore.googleapis.com x-goog-quota-user=projects/acis-ajman
[debug] [2026-02-27T07:49:12.163Z] <<< [apiv2][status] GET https://serviceusage.googleapis.com/v1/projects/acis-ajman/services/firestore.googleapis.com 200
[debug] [2026-02-27T07:49:12.163Z] <<< [apiv2][body] GET https://serviceusage.googleapis.com/v1/projects/acis-ajman/services/firestore.googleapis.com [omitted]
[info] +  firestore: required API firestore.googleapis.com is enabled 
[info] i  firestore: ensuring required API firestore.googleapis.com is enabled... 
[debug] [2026-02-27T07:49:12.167Z] Checked if tokens are valid: true, expires at: 1772182147403
[debug] [2026-02-27T07:49:12.167Z] Checked if tokens are valid: true, expires at: 1772182147403
[debug] [2026-02-27T07:49:12.167Z] >>> [apiv2][query] GET https://firestore.googleapis.com/v1/projects/acis-ajman/databases/(default) [none]
[debug] [2026-02-27T07:49:13.760Z] <<< [apiv2][status] GET https://firestore.googleapis.com/v1/projects/acis-ajman/databases/(default) 200
[debug] [2026-02-27T07:49:13.761Z] <<< [apiv2][body] GET https://firestore.googleapis.com/v1/projects/acis-ajman/databases/(default) {"name":"projects/acis-ajman/databases/(default)","uid":"e21e5043-0a45-416b-934f-63d836d669ba","createTime":"2026-02-07T13:29:43.080229Z","updateTime":"2026-02-07T13:29:43.080229Z","locationId":"nam5","type":"FIRESTORE_NATIVE","concurrencyMode":"PESSIMISTIC","versionRetentionPeriod":"3600s","earliestVersionTime":"2026-02-27T06:49:13.623114Z","appEngineIntegrationMode":"DISABLED","keyPrefix":"s","pointInTimeRecoveryEnablement":"POINT_IN_TIME_RECOVERY_DISABLED","deleteProtectionState":"DELETE_PROTECTION_DISABLED","databaseEdition":"STANDARD","freeTier":true,"realtimeUpdatesMode":"REALTIME_UPDATES_MODE_ENABLED","etag":"ILOfq8mX+ZIDMMLCnrms5pID"}
[info] i  firestore: reading indexes from firestore.indexes.json... 
[info] i  firestore: deploying indexes... 
[debug] [2026-02-27T07:49:13.762Z] Checked if tokens are valid: true, expires at: 1772182147403
[debug] [2026-02-27T07:49:13.762Z] Checked if tokens are valid: true, expires at: 1772182147403
[debug] [2026-02-27T07:49:13.762Z] >>> [apiv2][query] GET https://firestore.googleapis.com/v1/projects/acis-ajman/databases/(default)/collectionGroups/-/indexes [none]
[debug] [2026-02-27T07:49:14.086Z] <<< [apiv2][status] GET https://firestore.googleapis.com/v1/projects/acis-ajman/databases/(default)/collectionGroups/-/indexes 200
[debug] [2026-02-27T07:49:14.086Z] <<< [apiv2][body] GET https://firestore.googleapis.com/v1/projects/acis-ajman/databases/(default)/collectionGroups/-/indexes {"indexes":[{"name":"projects/acis-ajman/databases/(default)/collectionGroups/notifications/indexes/CICAgPigw5IJ","queryScope":"COLLECTION","fields":[{"fieldPath":"targetRoles","arrayConfig":"CONTAINS"},{"fieldPath":"createdAt","order":"DESCENDING"},{"fieldPath":"__name__","order":"DESCENDING"}],"state":"READY","density":"SPARSE_ALL"},{"name":"projects/acis-ajman/databases/(default)/collectionGroups/expense_categories/indexes/CICAgPig2YMK","queryScope":"COLLECTION","fields":[{"fieldPath":"status","order":"ASCENDING"},{"fieldPath":"operatingExpenses","order":"ASCENDING"},{"fieldPath":"__name__","order":"ASCENDING"}],"state":"READY","density":"SPARSE_ALL"},{"name":"projects/acis-ajman/databases/(default)/collectionGroups/clients/indexes/CICAgNiryokK","queryScope":"COLLECTION","fields":[{"fieldPath":"status","order":"ASCENDING"},{"fieldPath":"Name","order":"ASCENDING"},{"fieldPath":"__name__","order":"ASCENDING"}],"state":"READY","density":"SPARSE_ALL"},{"name":"projects/acis-ajman/databases/(default)/collectionGroups/notifications/indexes/CICAgJiUzYsK","queryScope":"COLLECTION","fields":[{"fieldPath":"targetUserId","order":"ASCENDING"},{"fieldPath":"createdAt","order":"DESCENDING"},{"fieldPath":"__name__","order":"DESCENDING"}],"state":"READY","density":"SPARSE_ALL"},{"name":"projects/acis-ajman/databases/(default)/collectionGroups/portals/indexes/CICAgNirtJAK","queryScope":"COLLECTION","fields":[{"fieldPath":"status","order":"ASCENDING"},{"fieldPath":"portalName","order":"ASCENDING"},{"fieldPath":"__name__","order":"ASCENDING"}],"state":"READY","density":"SPARSE_ALL"},{"name":"projects/acis-ajman/databases/(default)/collectionGroups/portals/indexes/CICAgLiT_JAK","queryScope":"COLLECTION","fields":[{"fieldPath":"status","order":"ASCENDING"},{"fieldPath":"PortalName","order":"ASCENDING"},{"fieldPath":"__name__","order":"ASCENDING"}],"state":"READY","density":"SPARSE_ALL"},{"name":"projects/acis-ajman/databases/(default)/collectionGroups/applicationName/indexes/CICAgJjmiJEK","queryScope":"COLLECTION","fields":[{"fieldPath":"status","order":"ASCENDING"},{"fieldPath":"Application_Name","order":"ASCENDING"},{"fieldPath":"__name__","order":"ASCENDING"}],"state":"READY","density":"SPARSE_ALL"},{"name":"projects/acis-ajman/databases/(default)/collectionGroups/dailyTransactions/indexes/CICAgNir3pgK","queryScope":"COLLECTION","fields":[{"fieldPath":"ClientID","order":"ASCENDING"},{"fieldPath":"Invoiced","order":"ASCENDING"},{"fieldPath":"status","order":"ASCENDING"},{"fieldPath":"Date","order":"DESCENDING"},{"fieldPath":"__name__","order":"DESCENDING"}],"state":"READY","density":"SPARSE_ALL"}]}
[debug] [2026-02-27T07:49:14.087Z] Checked if tokens are valid: true, expires at: 1772182147403
[debug] [2026-02-27T07:49:14.087Z] Checked if tokens are valid: true, expires at: 1772182147403
[debug] [2026-02-27T07:49:14.087Z] >>> [apiv2][query] GET https://firestore.googleapis.com/v1/projects/acis-ajman/databases/(default)/collectionGroups/-/fields?filter=indexConfig.usesAncestorConfig=false OR ttlConfig:* [none]
[debug] [2026-02-27T07:49:14.387Z] <<< [apiv2][status] GET https://firestore.googleapis.com/v1/projects/acis-ajman/databases/(default)/collectionGroups/-/fields?filter=indexConfig.usesAncestorConfig=false OR ttlConfig:* 200
[debug] [2026-02-27T07:49:14.388Z] <<< [apiv2][body] GET https://firestore.googleapis.com/v1/projects/acis-ajman/databases/(default)/collectionGroups/-/fields?filter=indexConfig.usesAncestorConfig=false OR ttlConfig:* {"fields":[{"name":"projects/acis-ajman/databases/(default)/collectionGroups/__default__/fields/*","indexConfig":{"indexes":[{"queryScope":"COLLECTION","fields":[{"fieldPath":"*","order":"ASCENDING"}],"state":"READY"},{"queryScope":"COLLECTION","fields":[{"fieldPath":"*","order":"DESCENDING"}],"state":"READY"},{"queryScope":"COLLECTION","fields":[{"fieldPath":"*","arrayConfig":"CONTAINS"}],"state":"READY"}]}},{"name":"projects/acis-ajman/databases/(default)/collectionGroups/dependents/fields/CreatedAt","indexConfig":{"indexes":[{"queryScope":"COLLECTION","fields":[{"fieldPath":"CreatedAt","order":"ASCENDING"}],"state":"READY"},{"queryScope":"COLLECTION","fields":[{"fieldPath":"CreatedAt","order":"DESCENDING"}],"state":"READY"},{"queryScope":"COLLECTION","fields":[{"fieldPath":"CreatedAt","arrayConfig":"CONTAINS"}],"state":"READY"},{"queryScope":"COLLECTION_GROUP","fields":[{"fieldPath":"CreatedAt","order":"DESCENDING"}],"state":"READY"}],"ancestorField":"projects/acis-ajman/databases/(default)/collectionGroups/__default__/fields/*"}},{"name":"projects/acis-ajman/databases/(default)/collectionGroups/dependents/fields/PersonalID","indexConfig":{"indexes":[{"queryScope":"COLLECTION","fields":[{"fieldPath":"PersonalID","order":"ASCENDING"}],"state":"READY"},{"queryScope":"COLLECTION","fields":[{"fieldPath":"PersonalID","order":"DESCENDING"}],"state":"READY"},{"queryScope":"COLLECTION","fields":[{"fieldPath":"PersonalID","arrayConfig":"CONTAINS"}],"state":"READY"},{"queryScope":"COLLECTION_GROUP","fields":[{"fieldPath":"PersonalID","order":"ASCENDING"}],"state":"READY"}],"ancestorField":"projects/acis-ajman/databases/(default)/collectionGroups/__default__/fields/*"}},{"name":"projects/acis-ajman/databases/(default)/collectionGroups/dependents/fields/createdAt","indexConfig":{"indexes":[{"queryScope":"COLLECTION","fields":[{"fieldPath":"createdAt","order":"ASCENDING"}],"state":"READY"},{"queryScope":"COLLECTION","fields":[{"fieldPath":"createdAt","order":"DESCENDING"}],"state":"READY"},{"queryScope":"COLLECTION","fields":[{"fieldPath":"createdAt","arrayConfig":"CONTAINS"}],"state":"READY"},{"queryScope":"COLLECTION_GROUP","fields":[{"fieldPath":"createdAt","order":"DESCENDING"}],"state":"READY"}],"ancestorField":"projects/acis-ajman/databases/(default)/collectionGroups/__default__/fields/*"}},{"name":"projects/acis-ajman/databases/(default)/collectionGroups/dependents/fields/status","indexConfig":{"indexes":[{"queryScope":"COLLECTION","fields":[{"fieldPath":"status","order":"ASCENDING"}],"state":"READY"},{"queryScope":"COLLECTION","fields":[{"fieldPath":"status","order":"DESCENDING"}],"state":"READY"},{"queryScope":"COLLECTION","fields":[{"fieldPath":"status","arrayConfig":"CONTAINS"}],"state":"READY"},{"queryScope":"COLLECTION_GROUP","fields":[{"fieldPath":"status","order":"ASCENDING"}],"state":"READY"}],"ancestorField":"projects/acis-ajman/databases/(default)/collectionGroups/__default__/fields/*"}}]}
[debug] [2026-02-27T07:49:14.388Z] Checked if tokens are valid: true, expires at: 1772182147403
[debug] [2026-02-27T07:49:14.388Z] Checked if tokens are valid: true, expires at: 1772182147403
[debug] [2026-02-27T07:49:14.388Z] >>> [apiv2][query] GET https://firestore.googleapis.com/v1/projects/acis-ajman/databases/(default) [none]
[debug] [2026-02-27T07:49:14.683Z] <<< [apiv2][status] GET https://firestore.googleapis.com/v1/projects/acis-ajman/databases/(default) 200
[debug] [2026-02-27T07:49:14.683Z] <<< [apiv2][body] GET https://firestore.googleapis.com/v1/projects/acis-ajman/databases/(default) {"name":"projects/acis-ajman/databases/(default)","uid":"e21e5043-0a45-416b-934f-63d836d669ba","createTime":"2026-02-07T13:29:43.080229Z","updateTime":"2026-02-07T13:29:43.080229Z","locationId":"nam5","type":"FIRESTORE_NATIVE","concurrencyMode":"PESSIMISTIC","versionRetentionPeriod":"3600s","earliestVersionTime":"2026-02-27T06:49:14.543433Z","appEngineIntegrationMode":"DISABLED","keyPrefix":"s","pointInTimeRecoveryEnablement":"POINT_IN_TIME_RECOVERY_DISABLED","deleteProtectionState":"DELETE_PROTECTION_DISABLED","databaseEdition":"STANDARD","freeTier":true,"realtimeUpdatesMode":"REALTIME_UPDATES_MODE_ENABLED","etag":"INq148mX+ZIDMMLCnrms5pID"}
[info] i  firestore: there are 8 indexes defined in your project that are not present in your firestore indexes file. To delete them, run this command with the --force flag. 
[info] i  firestore: there are 4 field overrides defined in your project that are not present in your firestore indexes file. To delete them, run this command with the --force flag. 
[debug] [2026-02-27T07:49:14.684Z] Updating field override: {"collectionGroup":"dependents","fieldPath":"tenantId","indexes":[{"order":"ASCENDING","queryScope":"COLLECTION_GROUP"},{"order":"DESCENDING","queryScope":"COLLECTION_GROUP"}]}
[debug] [2026-02-27T07:49:14.684Z] Checked if tokens are valid: true, expires at: 1772182147403
[debug] [2026-02-27T07:49:14.684Z] Checked if tokens are valid: true, expires at: 1772182147403
[debug] [2026-02-27T07:49:14.684Z] >>> [apiv2][query] PATCH https://firestore.googleapis.com/v1/projects/acis-ajman/databases/(default)/collectionGroups/dependents/fields/tenantId updateMask=indexConfig
[debug] [2026-02-27T07:49:14.684Z] >>> [apiv2][body] PATCH https://firestore.googleapis.com/v1/projects/acis-ajman/databases/(default)/collectionGroups/dependents/fields/tenantId {"indexConfig":{"indexes":[{"queryScope":"COLLECTION_GROUP","fields":[{"fieldPath":"tenantId","order":"ASCENDING"}]},{"queryScope":"COLLECTION_GROUP","fields":[{"fieldPath":"tenantId","order":"DESCENDING"}]}]}}
[debug] [2026-02-27T07:49:15.144Z] <<< [apiv2][status] PATCH https://firestore.googleapis.com/v1/projects/acis-ajman/databases/(default)/collectionGroups/dependents/fields/tenantId 200
[debug] [2026-02-27T07:49:15.144Z] <<< [apiv2][body] PATCH https://firestore.googleapis.com/v1/projects/acis-ajman/databases/(default)/collectionGroups/dependents/fields/tenantId {"name":"projects/acis-ajman/databases/(default)/operations/AyBhYTEzMzBlY2IzZjgtZWViOC0xNzM0LWJjZmQtYjlkYzg3ZDkkGnNlbmlsZXBpcAkKMxI","metadata":{"@type":"type.googleapis.com/google.firestore.admin.v1.FieldOperationMetadata","startTime":"2026-02-27T07:49:14.954333Z","field":"projects/acis-ajman/databases/(default)/collectionGroups/dependents/fields/tenantId","indexConfigDeltas":[{"changeType":"REMOVE","index":{"queryScope":"COLLECTION","fields":[{"fieldPath":"tenantId","order":"ASCENDING"}]}},{"changeType":"REMOVE","index":{"queryScope":"COLLECTION","fields":[{"fieldPath":"tenantId","order":"DESCENDING"}]}},{"changeType":"REMOVE","index":{"queryScope":"COLLECTION","fields":[{"fieldPath":"tenantId","arrayConfig":"CONTAINS"}]}},{"changeType":"ADD","index":{"queryScope":"COLLECTION_GROUP","fields":[{"fieldPath":"tenantId","order":"ASCENDING"}]}},{"changeType":"ADD","index":{"queryScope":"COLLECTION_GROUP","fields":[{"fieldPath":"tenantId","order":"DESCENDING"}]}}],"state":"INITIALIZING"}}
[info] +  firestore: deployed indexes in firestore.indexes.json successfully for (default) database 
[info] 
[info] +  Deploy complete! 
[info] 
[info] Project Console: https://console.firebase.google.com/project/acis-ajman/overview
[debug] [2026-02-27T18:41:21.784Z] ----------------------------------------------------------------------
[debug] [2026-02-27T18:41:21.787Z] Command:       C:\nvm4w\nodejs\node.exe C:\Users\SAMY-LAP\AppData\Roaming\npm\node_modules\firebase-tools\lib\bin\firebase.js deploy --project acis-typingapplication --only storage
[debug] [2026-02-27T18:41:21.787Z] CLI Version:   15.3.1
[debug] [2026-02-27T18:41:21.788Z] Platform:      win32
[debug] [2026-02-27T18:41:21.788Z] Node Version:  v20.19.0
[debug] [2026-02-27T18:41:21.788Z] Time:          Fri Feb 27 2026 22:41:21 GMT+0400 (Gulf Standard Time)
[debug] [2026-02-27T18:41:21.788Z] ----------------------------------------------------------------------
[debug] 
[debug] [2026-02-27T18:41:25.694Z] > command requires scopes: ["email","openid","https://www.googleapis.com/auth/cloudplatformprojects.readonly","https://www.googleapis.com/auth/firebase","https://www.googleapis.com/auth/cloud-platform"]
[debug] [2026-02-27T18:41:25.696Z] > authorizing via signed-in user (abadtyping@gmail.com)
[debug] [2026-02-27T18:41:25.696Z] [iam] checking project acis-typingapplication for permissions ["firebase.projects.get","firebaserules.releases.create","firebaserules.releases.update","firebaserules.rulesets.create"]
[debug] [2026-02-27T18:41:25.699Z] Checked if tokens are valid: false, expires at: 1772182147403
[debug] [2026-02-27T18:41:25.699Z] Checked if tokens are valid: false, expires at: 1772182147403
[debug] [2026-02-27T18:41:25.700Z] > refreshing access token with scopes: []
[debug] [2026-02-27T18:41:25.704Z] >>> [apiv2][query] POST https://www.googleapis.com/oauth2/v3/token [none]
[debug] [2026-02-27T18:41:25.705Z] >>> [apiv2][body] POST https://www.googleapis.com/oauth2/v3/token [omitted]
[debug] [2026-02-27T18:41:26.280Z] <<< [apiv2][status] POST https://www.googleapis.com/oauth2/v3/token 200
[debug] [2026-02-27T18:41:26.280Z] <<< [apiv2][body] POST https://www.googleapis.com/oauth2/v3/token [omitted]
[debug] [2026-02-27T18:41:26.293Z] >>> [apiv2][query] POST https://cloudresourcemanager.googleapis.com/v1/projects/acis-typingapplication:testIamPermissions [none]
[debug] [2026-02-27T18:41:26.293Z] >>> [apiv2][(partial)header] POST https://cloudresourcemanager.googleapis.com/v1/projects/acis-typingapplication:testIamPermissions x-goog-quota-user=projects/acis-typingapplication
[debug] [2026-02-27T18:41:26.294Z] >>> [apiv2][body] POST https://cloudresourcemanager.googleapis.com/v1/projects/acis-typingapplication:testIamPermissions {"permissions":["firebase.projects.get","firebaserules.releases.create","firebaserules.releases.update","firebaserules.rulesets.create"]}
[debug] [2026-02-27T18:41:27.900Z] <<< [apiv2][status] POST https://cloudresourcemanager.googleapis.com/v1/projects/acis-typingapplication:testIamPermissions 200
[debug] [2026-02-27T18:41:27.901Z] <<< [apiv2][body] POST https://cloudresourcemanager.googleapis.com/v1/projects/acis-typingapplication:testIamPermissions {"permissions":["firebase.projects.get","firebaserules.releases.create","firebaserules.releases.update","firebaserules.rulesets.create"]}
[info] 
[info] === Deploying to 'acis-typingapplication'...
[info] 
[info] i  deploying storage 
[info] i  storage: ensuring required API firebasestorage.googleapis.com is enabled... 
[debug] [2026-02-27T18:41:27.910Z] Checked if tokens are valid: true, expires at: 1772221285281
[debug] [2026-02-27T18:41:27.910Z] Checked if tokens are valid: true, expires at: 1772221285281
[debug] [2026-02-27T18:41:27.911Z] >>> [apiv2][query] GET https://serviceusage.googleapis.com/v1/projects/acis-typingapplication/services/firebasestorage.googleapis.com [none]
[debug] [2026-02-27T18:41:27.911Z] >>> [apiv2][(partial)header] GET https://serviceusage.googleapis.com/v1/projects/acis-typingapplication/services/firebasestorage.googleapis.com x-goog-quota-user=projects/acis-typingapplication
[debug] [2026-02-27T18:41:29.783Z] <<< [apiv2][status] GET https://serviceusage.googleapis.com/v1/projects/acis-typingapplication/services/firebasestorage.googleapis.com 200
[debug] [2026-02-27T18:41:29.784Z] <<< [apiv2][body] GET https://serviceusage.googleapis.com/v1/projects/acis-typingapplication/services/firebasestorage.googleapis.com [omitted]
[info] +  storage: required API firebasestorage.googleapis.com is enabled 
[debug] [2026-02-27T18:41:29.790Z] Checked if tokens are valid: true, expires at: 1772221285281
[debug] [2026-02-27T18:41:29.790Z] Checked if tokens are valid: true, expires at: 1772221285281
[debug] [2026-02-27T18:41:29.790Z] >>> [apiv2][query] GET https://firebasestorage.googleapis.com/v1alpha/projects/acis-typingapplication/defaultBucket [none]
[debug] [2026-02-27T18:41:30.788Z] <<< [apiv2][status] GET https://firebasestorage.googleapis.com/v1alpha/projects/acis-typingapplication/defaultBucket 200
[debug] [2026-02-27T18:41:30.788Z] <<< [apiv2][body] GET https://firebasestorage.googleapis.com/v1alpha/projects/acis-typingapplication/defaultBucket {"name":"projects/acis-typingapplication/defaultBucket","location":"US-CENTRAL1","bucket":{"name":"projects/acis-typingapplication/buckets/acis-typingapplication.firebasestorage.app"},"storageClass":"REGIONAL"}
[info] i  firebase.storage: checking storage.rules for compilation errors... 
[debug] [2026-02-27T18:41:30.791Z] Checked if tokens are valid: true, expires at: 1772221285281
[debug] [2026-02-27T18:41:30.791Z] Checked if tokens are valid: true, expires at: 1772221285281
[debug] [2026-02-27T18:41:30.791Z] >>> [apiv2][query] POST https://firebaserules.googleapis.com/v1/projects/acis-typingapplication:test [none]
[debug] [2026-02-27T18:41:30.792Z] >>> [apiv2][body] POST https://firebaserules.googleapis.com/v1/projects/acis-typingapplication:test [omitted]
[debug] [2026-02-27T18:41:31.997Z] <<< [apiv2][status] POST https://firebaserules.googleapis.com/v1/projects/acis-typingapplication:test 200
[debug] [2026-02-27T18:41:31.997Z] <<< [apiv2][body] POST https://firebaserules.googleapis.com/v1/projects/acis-typingapplication:test {"issues":[{"sourcePosition":{"fileName":"storage.rules","line":10,"column":12,"currentOffset":219,"endOffset":224},"description":"Invalid function name: exists.","severity":"WARNING"}]}
[warn] !  [W] 10:12 - Invalid function name: exists. 
[info] +  firebase.storage: rules file storage.rules compiled successfully 
[debug] [2026-02-27T18:41:32.001Z] Checked if tokens are valid: true, expires at: 1772221285281
[debug] [2026-02-27T18:41:32.001Z] Checked if tokens are valid: true, expires at: 1772221285281
[debug] [2026-02-27T18:41:32.004Z] >>> [apiv2][query] GET https://firebaserules.googleapis.com/v1/projects/acis-typingapplication/releases pageSize=10&pageToken=
[debug] [2026-02-27T18:41:32.801Z] <<< [apiv2][status] GET https://firebaserules.googleapis.com/v1/projects/acis-typingapplication/releases 200
[debug] [2026-02-27T18:41:32.801Z] <<< [apiv2][body] GET https://firebaserules.googleapis.com/v1/projects/acis-typingapplication/releases {"releases":[{"name":"projects/acis-typingapplication/releases/cloud.firestore","rulesetName":"projects/acis-typingapplication/rulesets/f6ee7e81-7ec3-4c30-8fb2-188391bfc43b","createTime":"2026-02-27T08:01:45.017121Z","updateTime":"2026-02-27T08:06:57.149024Z"},{"name":"projects/acis-typingapplication/releases/firebase.storage/acis-typingapplication.firebasestorage.app","rulesetName":"projects/acis-typingapplication/rulesets/7b6017ba-abda-488a-898e-62c02d4df63e","createTime":"2026-02-27T08:09:35.496648Z","updateTime":"2026-02-27T18:41:13.453929Z"}]}
[debug] [2026-02-27T18:41:32.817Z] Checked if tokens are valid: true, expires at: 1772221285281
[debug] [2026-02-27T18:41:32.817Z] Checked if tokens are valid: true, expires at: 1772221285281
[debug] [2026-02-27T18:41:32.817Z] >>> [apiv2][query] GET https://firebaserules.googleapis.com/v1/projects/acis-typingapplication/rulesets/7b6017ba-abda-488a-898e-62c02d4df63e [none]
[debug] [2026-02-27T18:41:33.262Z] <<< [apiv2][status] GET https://firebaserules.googleapis.com/v1/projects/acis-typingapplication/rulesets/7b6017ba-abda-488a-898e-62c02d4df63e 200
[debug] [2026-02-27T18:41:33.262Z] <<< [apiv2][body] GET https://firebaserules.googleapis.com/v1/projects/acis-typingapplication/rulesets/7b6017ba-abda-488a-898e-62c02d4df63e [omitted]
[info] i  storage: uploading rules storage.rules... 
[debug] [2026-02-27T18:41:33.265Z] Checked if tokens are valid: true, expires at: 1772221285281
[debug] [2026-02-27T18:41:33.265Z] Checked if tokens are valid: true, expires at: 1772221285281
[debug] [2026-02-27T18:41:33.266Z] >>> [apiv2][query] POST https://firebaserules.googleapis.com/v1/projects/acis-typingapplication/rulesets [none]
[debug] [2026-02-27T18:41:33.267Z] >>> [apiv2][body] POST https://firebaserules.googleapis.com/v1/projects/acis-typingapplication/rulesets [omitted]
[debug] [2026-02-27T18:41:34.173Z] <<< [apiv2][status] POST https://firebaserules.googleapis.com/v1/projects/acis-typingapplication/rulesets 200
[debug] [2026-02-27T18:41:34.173Z] <<< [apiv2][body] POST https://firebaserules.googleapis.com/v1/projects/acis-typingapplication/rulesets {"name":"projects/acis-typingapplication/rulesets/cc6cb9fc-ac23-4d2d-931f-013281c57c37","source":{"files":[{"content":"rules_version = '2';\nservice firebase.storage {\n  match /b/{bucket}/o {\n    function isSignedIn() {\n      return request.auth != null;\n    }\n\n    function isTenantMember(tenantId) {\n      return isSignedIn()\n        && exists(/databases/(default)/documents/tenants/$(tenantId)/users/$(request.auth.uid));\n    }\n\n    match /tenants/{tenantId}/{allPaths=**} {\n      allow read, write: if isTenantMember(tenantId);\n    }\n\n    match /{allPaths=**} {\n      allow read, write: if false;\n    }\n  }\n}\n","name":"storage.rules"}]},"createTime":"2026-02-27T18:41:34.415503Z","metadata":{"services":["firebase.storage"]}}
[debug] [2026-02-27T18:41:34.173Z] [rules] created ruleset projects/acis-typingapplication/rulesets/cc6cb9fc-ac23-4d2d-931f-013281c57c37
[debug] [2026-02-27T18:41:34.174Z] [rules] releasing firebase.storage/acis-typingapplication.firebasestorage.app with ruleset projects/acis-typingapplication/rulesets/cc6cb9fc-ac23-4d2d-931f-013281c57c37
[debug] [2026-02-27T18:41:34.176Z] Checked if tokens are valid: true, expires at: 1772221285281
[debug] [2026-02-27T18:41:34.176Z] Checked if tokens are valid: true, expires at: 1772221285281
[debug] [2026-02-27T18:41:34.176Z] >>> [apiv2][query] PATCH https://firebaserules.googleapis.com/v1/projects/acis-typingapplication/releases/firebase.storage/acis-typingapplication.firebasestorage.app [none]
[debug] [2026-02-27T18:41:34.176Z] >>> [apiv2][body] PATCH https://firebaserules.googleapis.com/v1/projects/acis-typingapplication/releases/firebase.storage/acis-typingapplication.firebasestorage.app {"release":{"name":"projects/acis-typingapplication/releases/firebase.storage/acis-typingapplication.firebasestorage.app","rulesetName":"projects/acis-typingapplication/rulesets/cc6cb9fc-ac23-4d2d-931f-013281c57c37"}}
[debug] [2026-02-27T18:41:34.700Z] <<< [apiv2][status] PATCH https://firebaserules.googleapis.com/v1/projects/acis-typingapplication/releases/firebase.storage/acis-typingapplication.firebasestorage.app 200
[debug] [2026-02-27T18:41:34.701Z] <<< [apiv2][body] PATCH https://firebaserules.googleapis.com/v1/projects/acis-typingapplication/releases/firebase.storage/acis-typingapplication.firebasestorage.app {"name":"projects/acis-typingapplication/releases/firebase.storage/acis-typingapplication.firebasestorage.app","rulesetName":"projects/acis-typingapplication/rulesets/cc6cb9fc-ac23-4d2d-931f-013281c57c37","createTime":"2026-02-27T08:09:35.496648Z","updateTime":"2026-02-27T18:41:34.927782Z"}
[debug] [2026-02-27T18:41:34.701Z] [rules] updated release projects/acis-typingapplication/releases/firebase.storage/acis-typingapplication.firebasestorage.app
[info] +  storage: released rules storage.rules to firebase.storage 
[info] 
[info] +  Deploy complete! 
[info] 
[info] Project Console: https://console.firebase.google.com/project/acis-typingapplication/overview
[debug] [2026-02-27T18:41:57.200Z] ----------------------------------------------------------------------
[debug] [2026-02-27T18:41:57.202Z] Command:       C:\nvm4w\nodejs\node.exe C:\Users\SAMY-LAP\AppData\Roaming\npm\node_modules\firebase-tools\lib\bin\firebase.js deploy --project acis-typingapplication --only storage
[debug] [2026-02-27T18:41:57.203Z] CLI Version:   15.3.1
[debug] [2026-02-27T18:41:57.203Z] Platform:      win32
[debug] [2026-02-27T18:41:57.203Z] Node Version:  v20.19.0
[debug] [2026-02-27T18:41:57.203Z] Time:          Fri Feb 27 2026 22:41:57 GMT+0400 (Gulf Standard Time)
[debug] [2026-02-27T18:41:57.203Z] ----------------------------------------------------------------------
[debug] 
[debug] [2026-02-27T18:41:59.047Z] > command requires scopes: ["email","openid","https://www.googleapis.com/auth/cloudplatformprojects.readonly","https://www.googleapis.com/auth/firebase","https://www.googleapis.com/auth/cloud-platform"]
[debug] [2026-02-27T18:41:59.048Z] > authorizing via signed-in user (abadtyping@gmail.com)
[debug] [2026-02-27T18:41:59.049Z] [iam] checking project acis-typingapplication for permissions ["firebase.projects.get","firebaserules.releases.create","firebaserules.releases.update","firebaserules.rulesets.create"]
[debug] [2026-02-27T18:41:59.050Z] Checked if tokens are valid: true, expires at: 1772221285281
[debug] [2026-02-27T18:41:59.050Z] Checked if tokens are valid: true, expires at: 1772221285281
[debug] [2026-02-27T18:41:59.051Z] >>> [apiv2][query] POST https://cloudresourcemanager.googleapis.com/v1/projects/acis-typingapplication:testIamPermissions [none]
[debug] [2026-02-27T18:41:59.052Z] >>> [apiv2][(partial)header] POST https://cloudresourcemanager.googleapis.com/v1/projects/acis-typingapplication:testIamPermissions x-goog-quota-user=projects/acis-typingapplication
[debug] [2026-02-27T18:41:59.052Z] >>> [apiv2][body] POST https://cloudresourcemanager.googleapis.com/v1/projects/acis-typingapplication:testIamPermissions {"permissions":["firebase.projects.get","firebaserules.releases.create","firebaserules.releases.update","firebaserules.rulesets.create"]}
[debug] [2026-02-27T18:42:00.648Z] <<< [apiv2][status] POST https://cloudresourcemanager.googleapis.com/v1/projects/acis-typingapplication:testIamPermissions 200
[debug] [2026-02-27T18:42:00.649Z] <<< [apiv2][body] POST https://cloudresourcemanager.googleapis.com/v1/projects/acis-typingapplication:testIamPermissions {"permissions":["firebase.projects.get","firebaserules.releases.create","firebaserules.releases.update","firebaserules.rulesets.create"]}
[info] 
[info] === Deploying to 'acis-typingapplication'...
[info] 
[info] i  deploying storage 
[info] i  storage: ensuring required API firebasestorage.googleapis.com is enabled... 
[debug] [2026-02-27T18:42:00.664Z] Checked if tokens are valid: true, expires at: 1772221285281
[debug] [2026-02-27T18:42:00.664Z] Checked if tokens are valid: true, expires at: 1772221285281
[debug] [2026-02-27T18:42:00.665Z] >>> [apiv2][query] GET https://firebasestorage.googleapis.com/v1alpha/projects/acis-typingapplication/defaultBucket [none]
[debug] [2026-02-27T18:42:01.638Z] <<< [apiv2][status] GET https://firebasestorage.googleapis.com/v1alpha/projects/acis-typingapplication/defaultBucket 200
[debug] [2026-02-27T18:42:01.639Z] <<< [apiv2][body] GET https://firebasestorage.googleapis.com/v1alpha/projects/acis-typingapplication/defaultBucket {"name":"projects/acis-typingapplication/defaultBucket","location":"US-CENTRAL1","bucket":{"name":"projects/acis-typingapplication/buckets/acis-typingapplication.firebasestorage.app"},"storageClass":"REGIONAL"}
[info] i  firebase.storage: checking storage.rules for compilation errors... 
[debug] [2026-02-27T18:42:01.643Z] Checked if tokens are valid: true, expires at: 1772221285281
[debug] [2026-02-27T18:42:01.643Z] Checked if tokens are valid: true, expires at: 1772221285281
[debug] [2026-02-27T18:42:01.644Z] >>> [apiv2][query] POST https://firebaserules.googleapis.com/v1/projects/acis-typingapplication:test [none]
[debug] [2026-02-27T18:42:01.644Z] >>> [apiv2][body] POST https://firebaserules.googleapis.com/v1/projects/acis-typingapplication:test [omitted]
[debug] [2026-02-27T18:42:02.266Z] <<< [apiv2][status] POST https://firebaserules.googleapis.com/v1/projects/acis-typingapplication:test 200
[debug] [2026-02-27T18:42:02.266Z] <<< [apiv2][body] POST https://firebaserules.googleapis.com/v1/projects/acis-typingapplication:test {}
[info] +  firebase.storage: rules file storage.rules compiled successfully 
[debug] [2026-02-27T18:42:02.267Z] Checked if tokens are valid: true, expires at: 1772221285281
[debug] [2026-02-27T18:42:02.267Z] Checked if tokens are valid: true, expires at: 1772221285281
[debug] [2026-02-27T18:42:02.268Z] >>> [apiv2][query] GET https://firebaserules.googleapis.com/v1/projects/acis-typingapplication/releases pageSize=10&pageToken=
[debug] [2026-02-27T18:42:03.032Z] <<< [apiv2][status] GET https://firebaserules.googleapis.com/v1/projects/acis-typingapplication/releases 200
[debug] [2026-02-27T18:42:03.033Z] <<< [apiv2][body] GET https://firebaserules.googleapis.com/v1/projects/acis-typingapplication/releases {"releases":[{"name":"projects/acis-typingapplication/releases/cloud.firestore","rulesetName":"projects/acis-typingapplication/rulesets/f6ee7e81-7ec3-4c30-8fb2-188391bfc43b","createTime":"2026-02-27T08:01:45.017121Z","updateTime":"2026-02-27T08:06:57.149024Z"},{"name":"projects/acis-typingapplication/releases/firebase.storage/acis-typingapplication.firebasestorage.app","rulesetName":"projects/acis-typingapplication/rulesets/cc6cb9fc-ac23-4d2d-931f-013281c57c37","createTime":"2026-02-27T08:09:35.496648Z","updateTime":"2026-02-27T18:41:34.927782Z"}]}
[debug] [2026-02-27T18:42:03.046Z] Checked if tokens are valid: true, expires at: 1772221285281
[debug] [2026-02-27T18:42:03.046Z] Checked if tokens are valid: true, expires at: 1772221285281
[debug] [2026-02-27T18:42:03.046Z] >>> [apiv2][query] GET https://firebaserules.googleapis.com/v1/projects/acis-typingapplication/rulesets/cc6cb9fc-ac23-4d2d-931f-013281c57c37 [none]
[debug] [2026-02-27T18:42:03.816Z] <<< [apiv2][status] GET https://firebaserules.googleapis.com/v1/projects/acis-typingapplication/rulesets/cc6cb9fc-ac23-4d2d-931f-013281c57c37 200
[debug] [2026-02-27T18:42:03.816Z] <<< [apiv2][body] GET https://firebaserules.googleapis.com/v1/projects/acis-typingapplication/rulesets/cc6cb9fc-ac23-4d2d-931f-013281c57c37 [omitted]
[info] i  storage: uploading rules storage.rules... 
[debug] [2026-02-27T18:42:03.817Z] Checked if tokens are valid: true, expires at: 1772221285281
[debug] [2026-02-27T18:42:03.818Z] Checked if tokens are valid: true, expires at: 1772221285281
[debug] [2026-02-27T18:42:03.818Z] >>> [apiv2][query] POST https://firebaserules.googleapis.com/v1/projects/acis-typingapplication/rulesets [none]
[debug] [2026-02-27T18:42:03.818Z] >>> [apiv2][body] POST https://firebaserules.googleapis.com/v1/projects/acis-typingapplication/rulesets [omitted]
[debug] [2026-02-27T18:42:04.764Z] <<< [apiv2][status] POST https://firebaserules.googleapis.com/v1/projects/acis-typingapplication/rulesets 200
[debug] [2026-02-27T18:42:04.764Z] <<< [apiv2][body] POST https://firebaserules.googleapis.com/v1/projects/acis-typingapplication/rulesets {"name":"projects/acis-typingapplication/rulesets/33233960-63b7-4795-b569-f81238dc016d","source":{"files":[{"content":"rules_version = '2';\nservice firebase.storage {\n  match /b/{bucket}/o {\n    function isSignedIn() {\n      return request.auth != null;\n    }\n\n    function isTenantMember(tenantId) {\n      return isSignedIn()\n        && firestore.exists(/databases/(default)/documents/tenants/$(tenantId)/users/$(request.auth.uid));\n    }\n\n    match /tenants/{tenantId}/{allPaths=**} {\n      allow read, write: if isTenantMember(tenantId);\n    }\n\n    match /{allPaths=**} {\n      allow read, write: if false;\n    }\n  }\n}\n","name":"storage.rules"}]},"createTime":"2026-02-27T18:42:04.980815Z","metadata":{"services":["firebase.storage"]}}
[debug] [2026-02-27T18:42:04.764Z] [rules] created ruleset projects/acis-typingapplication/rulesets/33233960-63b7-4795-b569-f81238dc016d
[debug] [2026-02-27T18:42:04.764Z] [rules] releasing firebase.storage/acis-typingapplication.firebasestorage.app with ruleset projects/acis-typingapplication/rulesets/33233960-63b7-4795-b569-f81238dc016d
[debug] [2026-02-27T18:42:04.764Z] Checked if tokens are valid: true, expires at: 1772221285281
[debug] [2026-02-27T18:42:04.765Z] Checked if tokens are valid: true, expires at: 1772221285281
[debug] [2026-02-27T18:42:04.765Z] >>> [apiv2][query] PATCH https://firebaserules.googleapis.com/v1/projects/acis-typingapplication/releases/firebase.storage/acis-typingapplication.firebasestorage.app [none]
[debug] [2026-02-27T18:42:04.765Z] >>> [apiv2][body] PATCH https://firebaserules.googleapis.com/v1/projects/acis-typingapplication/releases/firebase.storage/acis-typingapplication.firebasestorage.app {"release":{"name":"projects/acis-typingapplication/releases/firebase.storage/acis-typingapplication.firebasestorage.app","rulesetName":"projects/acis-typingapplication/rulesets/33233960-63b7-4795-b569-f81238dc016d"}}
[debug] [2026-02-27T18:42:05.347Z] <<< [apiv2][status] PATCH https://firebaserules.googleapis.com/v1/projects/acis-typingapplication/releases/firebase.storage/acis-typingapplication.firebasestorage.app 200
[debug] [2026-02-27T18:42:05.347Z] <<< [apiv2][body] PATCH https://firebaserules.googleapis.com/v1/projects/acis-typingapplication/releases/firebase.storage/acis-typingapplication.firebasestorage.app {"name":"projects/acis-typingapplication/releases/firebase.storage/acis-typingapplication.firebasestorage.app","rulesetName":"projects/acis-typingapplication/rulesets/33233960-63b7-4795-b569-f81238dc016d","createTime":"2026-02-27T08:09:35.496648Z","updateTime":"2026-02-27T18:42:05.579027Z"}
[debug] [2026-02-27T18:42:05.347Z] [rules] updated release projects/acis-typingapplication/releases/firebase.storage/acis-typingapplication.firebasestorage.app
[info] +  storage: released rules storage.rules to firebase.storage 
[info] 
[info] +  Deploy complete! 
[info] 
[info] Project Console: https://console.firebase.google.com/project/acis-typingapplication/overview
[debug] [2026-02-27T18:47:10.401Z] ----------------------------------------------------------------------
[debug] [2026-02-27T18:47:10.403Z] Command:       C:\nvm4w\nodejs\node.exe C:\Users\SAMY-LAP\AppData\Roaming\npm\node_modules\firebase-tools\lib\bin\firebase.js deploy --project acis-typingapplication --only firestore:indexes
[debug] [2026-02-27T18:47:10.404Z] CLI Version:   15.3.1
[debug] [2026-02-27T18:47:10.404Z] Platform:      win32
[debug] [2026-02-27T18:47:10.404Z] Node Version:  v20.19.0
[debug] [2026-02-27T18:47:10.404Z] Time:          Fri Feb 27 2026 22:47:10 GMT+0400 (Gulf Standard Time)
[debug] [2026-02-27T18:47:10.404Z] ----------------------------------------------------------------------
[debug] 
[debug] [2026-02-27T18:47:12.476Z] > command requires scopes: ["email","openid","https://www.googleapis.com/auth/cloudplatformprojects.readonly","https://www.googleapis.com/auth/firebase","https://www.googleapis.com/auth/cloud-platform"]
[debug] [2026-02-27T18:47:12.478Z] > authorizing via signed-in user (abadtyping@gmail.com)
[debug] [2026-02-27T18:47:12.479Z] [iam] checking project acis-typingapplication for permissions ["datastore.indexes.create","datastore.indexes.delete","datastore.indexes.list","datastore.indexes.update","firebase.projects.get"]
[debug] [2026-02-27T18:47:12.482Z] Checked if tokens are valid: true, expires at: 1772221285281
[debug] [2026-02-27T18:47:12.482Z] Checked if tokens are valid: true, expires at: 1772221285281
[debug] [2026-02-27T18:47:12.484Z] >>> [apiv2][query] POST https://cloudresourcemanager.googleapis.com/v1/projects/acis-typingapplication:testIamPermissions [none]
[debug] [2026-02-27T18:47:12.485Z] >>> [apiv2][(partial)header] POST https://cloudresourcemanager.googleapis.com/v1/projects/acis-typingapplication:testIamPermissions x-goog-quota-user=projects/acis-typingapplication
[debug] [2026-02-27T18:47:12.486Z] >>> [apiv2][body] POST https://cloudresourcemanager.googleapis.com/v1/projects/acis-typingapplication:testIamPermissions {"permissions":["datastore.indexes.create","datastore.indexes.delete","datastore.indexes.list","datastore.indexes.update","firebase.projects.get"]}
[debug] [2026-02-27T18:47:14.274Z] <<< [apiv2][status] POST https://cloudresourcemanager.googleapis.com/v1/projects/acis-typingapplication:testIamPermissions 200
[debug] [2026-02-27T18:47:14.274Z] <<< [apiv2][body] POST https://cloudresourcemanager.googleapis.com/v1/projects/acis-typingapplication:testIamPermissions {"permissions":["datastore.indexes.create","datastore.indexes.delete","datastore.indexes.list","datastore.indexes.update","firebase.projects.get"]}
[info] 
[info] === Deploying to 'acis-typingapplication'...
[info] 
[info] i  deploying firestore 
[info] i  firestore: ensuring required API firestore.googleapis.com is enabled... 
[debug] [2026-02-27T18:47:14.276Z] Checked if tokens are valid: true, expires at: 1772221285281
[debug] [2026-02-27T18:47:14.276Z] Checked if tokens are valid: true, expires at: 1772221285281
[debug] [2026-02-27T18:47:14.276Z] >>> [apiv2][query] GET https://serviceusage.googleapis.com/v1/projects/acis-typingapplication/services/firestore.googleapis.com [none]
[debug] [2026-02-27T18:47:14.276Z] >>> [apiv2][(partial)header] GET https://serviceusage.googleapis.com/v1/projects/acis-typingapplication/services/firestore.googleapis.com x-goog-quota-user=projects/acis-typingapplication
[debug] [2026-02-27T18:47:15.186Z] <<< [apiv2][status] GET https://serviceusage.googleapis.com/v1/projects/acis-typingapplication/services/firestore.googleapis.com 200
[debug] [2026-02-27T18:47:15.186Z] <<< [apiv2][body] GET https://serviceusage.googleapis.com/v1/projects/acis-typingapplication/services/firestore.googleapis.com [omitted]
[info] +  firestore: required API firestore.googleapis.com is enabled 
[info] i  firestore: ensuring required API firestore.googleapis.com is enabled... 
[debug] [2026-02-27T18:47:15.191Z] Checked if tokens are valid: true, expires at: 1772221285281
[debug] [2026-02-27T18:47:15.191Z] Checked if tokens are valid: true, expires at: 1772221285281
[debug] [2026-02-27T18:47:15.191Z] >>> [apiv2][query] GET https://firestore.googleapis.com/v1/projects/acis-typingapplication/databases/(default) [none]
[debug] [2026-02-27T18:47:15.834Z] <<< [apiv2][status] GET https://firestore.googleapis.com/v1/projects/acis-typingapplication/databases/(default) 200
[debug] [2026-02-27T18:47:15.835Z] <<< [apiv2][body] GET https://firestore.googleapis.com/v1/projects/acis-typingapplication/databases/(default) {"name":"projects/acis-typingapplication/databases/(default)","uid":"b814c5e0-cdb1-4880-9ff7-a57bb9396b71","createTime":"2026-02-27T08:01:35.110192Z","updateTime":"2026-02-27T08:01:35.110192Z","locationId":"me-central1","type":"FIRESTORE_NATIVE","concurrencyMode":"PESSIMISTIC","versionRetentionPeriod":"3600s","earliestVersionTime":"2026-02-27T17:47:16.196851Z","appEngineIntegrationMode":"DISABLED","pointInTimeRecoveryEnablement":"POINT_IN_TIME_RECOVERY_DISABLED","deleteProtectionState":"DELETE_PROTECTION_DISABLED","databaseEdition":"STANDARD","freeTier":true,"realtimeUpdatesMode":"REALTIME_UPDATES_MODE_ENABLED","etag":"IJGmjNSq+pIDMJXyyuak+pID"}
[info] i  firestore: reading indexes from firestore.indexes.json... 
[info] i  firestore: deploying indexes... 
[debug] [2026-02-27T18:47:15.836Z] Checked if tokens are valid: true, expires at: 1772221285281
[debug] [2026-02-27T18:47:15.836Z] Checked if tokens are valid: true, expires at: 1772221285281
[debug] [2026-02-27T18:47:15.836Z] >>> [apiv2][query] GET https://firestore.googleapis.com/v1/projects/acis-typingapplication/databases/(default)/collectionGroups/-/indexes [none]
[debug] [2026-02-27T18:47:16.116Z] <<< [apiv2][status] GET https://firestore.googleapis.com/v1/projects/acis-typingapplication/databases/(default)/collectionGroups/-/indexes 200
[debug] [2026-02-27T18:47:16.116Z] <<< [apiv2][body] GET https://firestore.googleapis.com/v1/projects/acis-typingapplication/databases/(default)/collectionGroups/-/indexes {}
[debug] [2026-02-27T18:47:16.117Z] Checked if tokens are valid: true, expires at: 1772221285281
[debug] [2026-02-27T18:47:16.117Z] Checked if tokens are valid: true, expires at: 1772221285281
[debug] [2026-02-27T18:47:16.117Z] >>> [apiv2][query] GET https://firestore.googleapis.com/v1/projects/acis-typingapplication/databases/(default)/collectionGroups/-/fields?filter=indexConfig.usesAncestorConfig=false OR ttlConfig:* [none]
[debug] [2026-02-27T18:47:16.207Z] <<< [apiv2][status] GET https://firestore.googleapis.com/v1/projects/acis-typingapplication/databases/(default)/collectionGroups/-/fields?filter=indexConfig.usesAncestorConfig=false OR ttlConfig:* 200
[debug] [2026-02-27T18:47:16.207Z] <<< [apiv2][body] GET https://firestore.googleapis.com/v1/projects/acis-typingapplication/databases/(default)/collectionGroups/-/fields?filter=indexConfig.usesAncestorConfig=false OR ttlConfig:* {"fields":[{"name":"projects/acis-typingapplication/databases/(default)/collectionGroups/__default__/fields/*","indexConfig":{"indexes":[{"queryScope":"COLLECTION","fields":[{"fieldPath":"*","order":"ASCENDING"}],"state":"READY"},{"queryScope":"COLLECTION","fields":[{"fieldPath":"*","order":"DESCENDING"}],"state":"READY"},{"queryScope":"COLLECTION","fields":[{"fieldPath":"*","arrayConfig":"CONTAINS"}],"state":"READY"}]}}]}
[debug] [2026-02-27T18:47:16.207Z] Checked if tokens are valid: true, expires at: 1772221285281
[debug] [2026-02-27T18:47:16.207Z] Checked if tokens are valid: true, expires at: 1772221285281
[debug] [2026-02-27T18:47:16.207Z] >>> [apiv2][query] GET https://firestore.googleapis.com/v1/projects/acis-typingapplication/databases/(default) [none]
[debug] [2026-02-27T18:47:16.302Z] <<< [apiv2][status] GET https://firestore.googleapis.com/v1/projects/acis-typingapplication/databases/(default) 200
[debug] [2026-02-27T18:47:16.302Z] <<< [apiv2][body] GET https://firestore.googleapis.com/v1/projects/acis-typingapplication/databases/(default) {"name":"projects/acis-typingapplication/databases/(default)","uid":"b814c5e0-cdb1-4880-9ff7-a57bb9396b71","createTime":"2026-02-27T08:01:35.110192Z","updateTime":"2026-02-27T08:01:35.110192Z","locationId":"me-central1","type":"FIRESTORE_NATIVE","concurrencyMode":"PESSIMISTIC","versionRetentionPeriod":"3600s","earliestVersionTime":"2026-02-27T17:47:16.664130Z","appEngineIntegrationMode":"DISABLED","pointInTimeRecoveryEnablement":"POINT_IN_TIME_RECOVERY_DISABLED","deleteProtectionState":"DELETE_PROTECTION_DISABLED","databaseEdition":"STANDARD","freeTier":true,"realtimeUpdatesMode":"REALTIME_UPDATES_MODE_ENABLED","etag":"INLqqNSq+pIDMJXyyuak+pID"}
[debug] [2026-02-27T18:47:16.302Z] Updating field override: {"collectionGroup":"dependents","fieldPath":"tenantId","indexes":[{"order":"ASCENDING","queryScope":"COLLECTION_GROUP"},{"order":"DESCENDING","queryScope":"COLLECTION_GROUP"}]}
[debug] [2026-02-27T18:47:16.302Z] Checked if tokens are valid: true, expires at: 1772221285281
[debug] [2026-02-27T18:47:16.302Z] Checked if tokens are valid: true, expires at: 1772221285281
[debug] [2026-02-27T18:47:16.303Z] >>> [apiv2][query] PATCH https://firestore.googleapis.com/v1/projects/acis-typingapplication/databases/(default)/collectionGroups/dependents/fields/tenantId updateMask=indexConfig
[debug] [2026-02-27T18:47:16.303Z] >>> [apiv2][body] PATCH https://firestore.googleapis.com/v1/projects/acis-typingapplication/databases/(default)/collectionGroups/dependents/fields/tenantId {"indexConfig":{"indexes":[{"queryScope":"COLLECTION_GROUP","fields":[{"fieldPath":"tenantId","order":"ASCENDING"}]},{"queryScope":"COLLECTION_GROUP","fields":[{"fieldPath":"tenantId","order":"DESCENDING"}]}]}}
[debug] [2026-02-27T18:47:16.613Z] <<< [apiv2][status] PATCH https://firestore.googleapis.com/v1/projects/acis-typingapplication/databases/(default)/collectionGroups/dependents/fields/tenantId 200
[debug] [2026-02-27T18:47:16.614Z] <<< [apiv2][body] PATCH https://firestore.googleapis.com/v1/projects/acis-typingapplication/databases/(default)/collectionGroups/dependents/fields/tenantId {"name":"projects/acis-typingapplication/databases/(default)/operations/AyA0ZTFmOTRiMWE0NzYtZWUzOC04YWQ0LWM4NDEtOTk2OWFjOGUkGnNlbmlsZXBpcAkKMxI","metadata":{"@type":"type.googleapis.com/google.firestore.admin.v1.FieldOperationMetadata","startTime":"2026-02-27T18:47:16.963202Z","field":"projects/acis-typingapplication/databases/(default)/collectionGroups/dependents/fields/tenantId","indexConfigDeltas":[{"changeType":"REMOVE","index":{"queryScope":"COLLECTION","fields":[{"fieldPath":"tenantId","order":"ASCENDING"}]}},{"changeType":"REMOVE","index":{"queryScope":"COLLECTION","fields":[{"fieldPath":"tenantId","order":"DESCENDING"}]}},{"changeType":"REMOVE","index":{"queryScope":"COLLECTION","fields":[{"fieldPath":"tenantId","arrayConfig":"CONTAINS"}]}},{"changeType":"ADD","index":{"queryScope":"COLLECTION_GROUP","fields":[{"fieldPath":"tenantId","order":"ASCENDING"}]}},{"changeType":"ADD","index":{"queryScope":"COLLECTION_GROUP","fields":[{"fieldPath":"tenantId","order":"DESCENDING"}]}}],"state":"INITIALIZING"}}
[info] +  firestore: deployed indexes in firestore.indexes.json successfully for (default) database 
[info] 
[info] +  Deploy complete! 
[info] 
[info] Project Console: https://console.firebase.google.com/project/acis-typingapplication/overview
